================================================================================
JobID = 14136064
User = sgupta5, Account = all
Partition = int, Nodelist = amp095
================================================================================
:BASIC TEST FOR LOADED MODULE CHECK FOR PYTHON:
1. Python version:
Python 3.9.0
2. Basic inline python command:
Traceback (most recent call last):
  File "<string>", line 1, in <module>
ModuleNotFoundError: No module named 'nupy'
3. Basic python script:
Traceback (most recent call last):
  File "/home/uni11/gwdg1/GWDG/sgupta5/slurm_test_suite/./all_tests/python/basic-py-check.py", line 2, in <module>
    import pandas as pd
ModuleNotFoundError: No module named 'pandas'
4. Load Anaconda3:

Currently Loaded Modules:
  1) openjdk/11.0.12_7          6) git/2.31.1         11) openblas/0.3.18
  2) spark/3.1.1                7) go/1.17.2          12) python/3.9.0
  3) hdf5/1.10.7                8) singularity/3.8.5  13) openmpi/4.1.1
  4) fftw/3.3.10                9) valgrind/3.17.0    14) boost/1.77.0
  5) octave/6.3.0-suitesparse  10) gcc/10.2.0         15) anaconda3/2021.05

 

Collecting package metadata (current_repodata.json): ...working... done
Solving environment: ...working... done

## Package Plan ##

  environment location: /usr/users/sgupta5/.conda/envs/test-suite-env-1

  added / updated specs:
    - pip
    - python=3.8


The following NEW packages will be INSTALLED:

  _libgcc_mutex      pkgs/main/linux-64::_libgcc_mutex-0.1-main
  _openmp_mutex      pkgs/main/linux-64::_openmp_mutex-5.1-1_gnu
  ca-certificates    pkgs/main/linux-64::ca-certificates-2022.10.11-h06a4308_0
  certifi            pkgs/main/linux-64::certifi-2022.9.24-py38h06a4308_0
  ld_impl_linux-64   pkgs/main/linux-64::ld_impl_linux-64-2.38-h1181459_1
  libffi             pkgs/main/linux-64::libffi-3.4.2-h6a678d5_6
  libgcc-ng          pkgs/main/linux-64::libgcc-ng-11.2.0-h1234567_1
  libgomp            pkgs/main/linux-64::libgomp-11.2.0-h1234567_1
  libstdcxx-ng       pkgs/main/linux-64::libstdcxx-ng-11.2.0-h1234567_1
  ncurses            pkgs/main/linux-64::ncurses-6.3-h5eee18b_3
  openssl            pkgs/main/linux-64::openssl-1.1.1s-h7f8727e_0
  pip                pkgs/main/linux-64::pip-22.2.2-py38h06a4308_0
  python             pkgs/main/linux-64::python-3.8.15-h7a1cb2a_2
  readline           pkgs/main/linux-64::readline-8.2-h5eee18b_0
  setuptools         pkgs/main/linux-64::setuptools-65.5.0-py38h06a4308_0
  sqlite             pkgs/main/linux-64::sqlite-3.40.0-h5082296_0
  tk                 pkgs/main/linux-64::tk-8.6.12-h1ccaba5_0
  wheel              pkgs/main/noarch::wheel-0.37.1-pyhd3eb1b0_0
  xz                 pkgs/main/linux-64::xz-5.2.8-h5eee18b_0
  zlib               pkgs/main/linux-64::zlib-1.2.13-h5eee18b_0


Proceed ([y]/n)? 
Preparing transaction: ...working... done
Verifying transaction: ...working... done
Executing transaction: ...working... done


==> WARNING: A newer version of conda exists. <==
  current version: 4.10.1
  latest version: 22.11.1

Please update conda by running

    $ conda update -n base -c defaults conda


#
# To activate this environment, use
#
#     $ conda activate test-suite-env-1
#
# To deactivate an active environment, use
#
#     $ conda deactivate

Requirement already satisfied: numpy in /opt/sw/rev/21.12/haswell/gcc-10.2.0/py-numpy-1.21.3-hv6rxf/lib/python3.9/site-packages (1.21.3)
Requirement already satisfied: pandas in /home/uni11/gwdg1/GWDG/sgupta5/.local/lib/python3.8/site-packages (1.4.3)
Requirement already satisfied: pytz>=2020.1 in /home/uni11/gwdg1/GWDG/sgupta5/.local/lib/python3.8/site-packages (from pandas) (2022.2.1)
Requirement already satisfied: python-dateutil>=2.8.1 in /home/uni11/gwdg1/GWDG/sgupta5/.local/lib/python3.8/site-packages (from pandas) (2.8.2)
Requirement already satisfied: six>=1.5 in /home/uni11/gwdg1/GWDG/sgupta5/.local/lib/python3.8/site-packages (from python-dateutil>=2.8.1->pandas) (1.16.0)
python: can't open file './all_tests/python/basic-y-check.py': [Errno 2] No such file or directory
============ Job Information ===================================================
Submitted: 2022-12-08T14:05:20
Started: 2022-12-08T14:05:20
Ended: 2022-12-08T14:06:32
Elapsed: 2 min, Limit: 60 min, Difference: 58 min
CPUs: 1, Nodes: 1
============= ProfiT-HPC =======================================================
To generate the ProfiT-HPC text report, run the following command
profit-hpc 14136064
================================================================================
